[savagetale.xyz/index.html]
[savagetale.xyz/xmlrpc.php]
[backblue.gif]
[fade.gif]
[index.html]
[savagetale.xyz/wp-content/themes/flatsome/assets/js/flatsome7013.js]
[savagetale.xyz/wp-content/themes/flatsome/assets/js/chunk.slider32bc.js]
[savagetale.xyz/wp-content/themes/flatsome/assets/js/chunk.popups32bc.js]
[savagetale.xyz/wp-content/themes/flatsome/assets/js/chunk.tooltips32bc.js]
[savagetale.xyz/wp-content/cache/wpo-minify/1748542226/assets/wpo-minify-header-9bbe2612.min.css]
[savagetale.xyz/feed/index.html]
[savagetale.xyz/savage-crown/feed/index.html]
[savagetale.xyz/comments/feed/index.html]
[savagetale.xyz/wp-content/cache/wpo-minify/1748542226/assets/wpo-minify-header-347b056e.min.js]
[savagetale.xyz/wp-json/wp/v2/pages/2.json]
[savagetale.xyz/wp-json/index.html]
[savagetale.xyz/xmlrpc0db0.php]
[savagetale.xyz/wp-json/oembed/1.0/embed52ae.json]
[savagetale.xyz/wp-json/oembed/1.0/embed83a8]
[cdn.jsdelivr.net/npm/splitting@1.0.6/dist/splitting.min.js]
[unpkg.com/in-view@0.6.1/dist/in-view.min.js]
[savagetale.xyz/wp-content/uploads/2022/07/cropped-savage-logo-32x32.png]
[savagetale.xyz/wp-content/uploads/2022/07/cropped-savage-logo-192x192.png]
[savagetale.xyz/wp-content/uploads/2022/07/cropped-savage-logo-180x180.png]
[savagetale.xyz/wp-content/uploads/2022/IMFellEnglishSC-Regular.ttf]
[savagetale.xyz/wp-content/fonts/lato/S6u9w4BMUTPHh6UVSwaPHw3q5d0N7w.woff]
[savagetale.xyz/wp-content/fonts/lato/S6u9w4BMUTPHh6UVSwiPHw3q5d0.woff]
[savagetale.xyz/wp-content/fonts/dancing-script/If2cXTr6YS-zF4S-kcSWSVi_sxjsohD9F50Ruu7BMSo3Rep6hNX6pmRMjLo.woff]
[savagetale.xyz/wp-content/fonts/dancing-script/If2cXTr6YS-zF4S-kcSWSVi_sxjsohD9F50Ruu7BMSo3ROp6hNX6pmRMjLo.woff]
[savagetale.xyz/wp-content/fonts/dancing-script/If2cXTr6YS-zF4S-kcSWSVi_sxjsohD9F50Ruu7BMSo3Sup6hNX6pmRM.woff]
[ajax.googleapis.com/ajax/libs/jquery/3.6.0/jquery.min.js]
[savagecrown.xyz/wp-content/uploads/2024/01/NEW_LogoFlag_001.png]
[savagetale.xyz/wp-content/uploads/2023/03/savage-logo-s.webp]
[savagetale.xyz/wp-content/uploads/2023/03/loading-scr-bg-bear.svg]
[savagetale.xyz/wp-content/uploads/2024/01/loadin-logo.webp]
[savagetale.xyz/wp-content/uploads/2023/05/TowerSeparateFNL-s-1.webp]
[savagetale.xyz/wp-content/uploads/2023/05/midgrd-aminals-left-s.webp]
[savagetale.xyz/wp-content/uploads/2023/05/midgrd-aminals-right-1.webp]
[savagetale.xyz/wp-content/uploads/2023/05/fog-1024x110.webp]
[savagetale.xyz/wp-content/uploads/2023/05/LogoBackground-s.webp]
[savagetale.xyz/wp-content/uploads/2023/05/LogoBackground-mobile-s.webp]
[savagetale.xyz/wp-content/uploads/2023/03/flags-left-1.webp]
[savagetale.xyz/wp-content/uploads/2023/03/flags-right-1.webp]
[savagetale.xyz/wp-content/uploads/2023/03/flags-left-2.webp]
[savagetale.xyz/wp-content/uploads/2023/03/flags-right-2.webp]
[savagetale.xyz/wp-content/uploads/2023/05/FrontAnimals_04_Alligator.webp]
[savagetale.xyz/wp-content/uploads/2023/05/FrontAnimals04_Fox.webp]
[savagetale.xyz/wp-content/uploads/2023/05/FrontAnimals_03_Rhino.webp]
[savagetale.xyz/wp-content/uploads/2023/05/FrontAnimals_03_Hippo.webp]
[savagetale.xyz/wp-content/uploads/2023/05/FrontAnimals_02_Elephant.webp]
[savagetale.xyz/wp-content/uploads/2023/05/FrontAnimals_02_Lion.webp]
[savagetale.xyz/wp-content/uploads/2023/05/FrontAnimals_01_Rabbit.webp]
[savagetale.xyz/wp-content/uploads/2023/05/FrontAnimals_01_Boar.webp]
[savagetale.xyz/wp-content/uploads/2024/01/loading-logo-225x300.png]
[savagetale.xyz/wp-content/uploads/2023/06/crown-1.webp]
[savagetale.xyz/wp-content/uploads/2024/01/SAVAGETALE_LOGO_003-1024x471.png]
[savagetale.xyz/wp-content/uploads/2023/05/CloudsFNL-2-scaled.webp]
[/savagetale.xyz/wp-content/uploads/2023/06/Savage-Throne-king.webp]
[click9studio.com/savage-kingdom/wp-content/uploads/2022/10/pattern2-small.png]
[savagetale.xyz/wp-content/uploads/2023/03/trim-top-1024x169.webp]
[savagetale.xyz/wp-content/uploads/2023/03/trim-top-mobile.webp]
[savagetale.xyz/wp-content/uploads/2023/03/pig-and-rabbit-1024x768.webp]
[savagetale.xyz/wp-content/uploads/2023/03/rabbit-marching-2-1024x681.webp]
[savagetale.xyz/wp-content/uploads/2023/04/slider-img-7.webp]
[savagetale.xyz/wp-content/uploads/2023/04/slider-img-141-731x1024.webp]
[savagetale.xyz/wp-content/uploads/2023/04/slider-img-34.webp]
[savagetale.xyz/wp-content/uploads/2023/04/slider-img-38-731x1024.webp]
[savagetale.xyz/wp-content/uploads/2023/04/slider-img-206.webp]
[savagetale.xyz/wp-content/uploads/2023/04/slider-img-58-731x1024.webp]
[savagetale.xyz/wp-content/uploads/2023/04/slider-img-502.webp]
[savagetale.xyz/wp-content/uploads/2023/04/slider-img-55.webp]
[savagetale.xyz/wp-content/uploads/2023/04/slider-img-501.webp]
[savagetale.xyz/wp-content/uploads/2023/04/slider-img-61.webp]
[savagetale.xyz/wp-content/uploads/2023/04/slider-img-47.webp]
[savagetale.xyz/wp-content/uploads/2023/04/slider-img-500.webp]
[savagetale.xyz/wp-content/uploads/2023/04/slider-img-156.webp]
[savagetale.xyz/wp-content/uploads/2023/04/Elephant-FullArmor.webp]
[savagetale.xyz/wp-content/uploads/2023/04/Boar-FullArmor.webp]
[savagetale.xyz/wp-content/uploads/2023/06/bottom-tower-m-1-scaled.webp]
[savagetale.xyz/wp-content/uploads/2023/06/rock-foreground.webp]
[savagetale.xyz/wp-content/uploads/2023/06/bottom-tower-background-2-scaled.webp]
[savagetale.xyz/index.html]
[savagetale.xyz/xmlrpc.php]
[savagetale.xyz/wp-content/themes/flatsome/assets/js/flatsome7013.js]
[savagetale.xyz/wp-content/themes/flatsome/assets/js/chunk.slider32bc.js]
[savagetale.xyz/wp-content/themes/flatsome/assets/js/chunk.popups32bc.js]
[savagetale.xyz/wp-content/themes/flatsome/assets/js/chunk.tooltips32bc.js]
[savagetale.xyz/wp-content/cache/wpo-minify/1748542226/assets/wpo-minify-footer-8ebf2dfc.min.js]
[savagetale.xyz/edge/index.html]
[savagetale.xyz/wp-content/cache/wpo-minify/1748542226/assets/wpo-minify-header-9bbe2612.min.css]
[savagetale.xyz/wp-content/cache/wpo-minify/1748542226/assets/wpo-minify-header-347b056e.min.js]
[savagetale.xyz/wp-content/uploads/2023/03/loading-scr-bg-bear.svg]
[savagetale.xyz/wp-includes/fonts/dashicons.eot]
[savagetale.xyz/linkElement.href]
[savagetale.xyz/wp-content/cache/wpo-minify/1748542226/assets/wpo-minify-footer-8ebf2dfc.min.js]
[savagetale.xyz/edge/index.html]
[savagetale.xyz/linkElement.html]
